2021-09-19 00:25:53,297:INFO:PyCaret Supervised Module
2021-09-19 00:25:53,298:INFO:ML Usecase: classification
2021-09-19 00:25:53,298:INFO:version 2.3.3
2021-09-19 00:25:53,298:INFO:Initializing setup()
2021-09-19 00:25:53,298:INFO:setup(target=, ml_usecase=classification, available_plots={'parameter': 'Hyperparameters', 'auc': 'AUC', 'confusion_matrix': 'Confusion Matrix', 'threshold': 'Threshold', 'pr': 'Precision Recall', 'error': 'Prediction Error', 'class_report': 'Class Report', 'rfe': 'Feature Selection', 'learning': 'Learning Curve', 'manifold': 'Manifold Learning', 'calibration': 'Calibration Curve', 'vc': 'Validation Curve', 'dimension': 'Dimensions', 'feature': 'Feature Importance', 'feature_all': 'Feature Importance (All)', 'boundary': 'Decision Boundary', 'lift': 'Lift Chart', 'gain': 'Gain Chart', 'tree': 'Decision Tree', 'ks': 'KS Statistic Plot'}, train_size=0.7, test_data=None, preprocess=True, imputation_type=simple, iterative_imputation_iters=5, categorical_features=None, categorical_imputation=constant, categorical_iterative_imputer=lightgbm, ordinal_features=None, high_cardinality_features=None, high_cardinality_method=frequency, numeric_features=None, numeric_imputation=mean, numeric_iterative_imputer=lightgbm, date_features=None, ignore_features=None, normalize=False, normalize_method=zscore, transformation=False, transformation_method=yeo-johnson, handle_unknown_categorical=True, unknown_categorical_method=least_frequent, pca=False, pca_method=linear, pca_components=None, ignore_low_variance=False, combine_rare_levels=False, rare_level_threshold=0.1, bin_numeric_features=None, remove_outliers=False, outliers_threshold=0.05, remove_multicollinearity=False, multicollinearity_threshold=0.9, remove_perfect_collinearity=True, create_clusters=False, cluster_iter=20, polynomial_features=False, polynomial_degree=2, trigonometry_features=False, polynomial_threshold=0.1, group_features=None, group_names=None, feature_selection=False, feature_selection_threshold=0.8, feature_selection_method=classic, feature_interaction=False, feature_ratio=False, interaction_threshold=0.01, fix_imbalance=False, fix_imbalance_method=None, transform_target=False, transform_target_method=box-cox, data_split_shuffle=True, data_split_stratify=False, fold_strategy=stratifiedkfold, fold=10, fold_shuffle=False, fold_groups=None, n_jobs=-1, use_gpu=False, custom_pipeline=None, html=True, session_id=42, log_experiment=False, experiment_name=None, log_plots=False, log_profile=False, log_data=False, silent=False, verbose=True, profile=False, profile_kwargs=None, display=None)
2021-09-19 00:25:53,298:INFO:Checking environment
2021-09-19 00:25:53,298:INFO:python_version: 3.9.7
2021-09-19 00:25:53,299:INFO:python_build: ('default', 'Aug 31 2021 13:28:12')
2021-09-19 00:25:53,299:INFO:machine: x86_64
2021-09-19 00:25:53,299:INFO:platform: Linux-5.14.5-arch1-1-x86_64-with-glibc2.33
2021-09-19 00:25:53,299:WARNING:cannot find psutil installation. memory not traceable. Install psutil using pip to enable memory logging.
2021-09-19 00:25:53,299:INFO:Checking libraries
2021-09-19 00:25:53,299:INFO:pd==1.3.3
2021-09-19 00:25:53,299:INFO:numpy==1.19.5
2021-09-19 00:25:53,299:INFO:sklearn==0.23.2
2021-09-19 00:25:53,300:INFO:lightgbm==3.2.1
2021-09-19 00:25:53,300:WARNING:catboost not found
2021-09-19 00:25:53,300:WARNING:xgboost not found
2021-09-19 00:25:53,422:INFO:mlflow==1.20.2
2021-09-19 00:25:53,422:INFO:Checking Exceptions
2021-09-19 00:26:30,317:INFO:PyCaret Supervised Module
2021-09-19 00:26:30,317:INFO:ML Usecase: classification
2021-09-19 00:26:30,317:INFO:version 2.3.3
2021-09-19 00:26:30,317:INFO:Initializing setup()
2021-09-19 00:26:30,318:INFO:setup(target=do_not, ml_usecase=classification, available_plots={'parameter': 'Hyperparameters', 'auc': 'AUC', 'confusion_matrix': 'Confusion Matrix', 'threshold': 'Threshold', 'pr': 'Precision Recall', 'error': 'Prediction Error', 'class_report': 'Class Report', 'rfe': 'Feature Selection', 'learning': 'Learning Curve', 'manifold': 'Manifold Learning', 'calibration': 'Calibration Curve', 'vc': 'Validation Curve', 'dimension': 'Dimensions', 'feature': 'Feature Importance', 'feature_all': 'Feature Importance (All)', 'boundary': 'Decision Boundary', 'lift': 'Lift Chart', 'gain': 'Gain Chart', 'tree': 'Decision Tree', 'ks': 'KS Statistic Plot'}, train_size=0.7, test_data=None, preprocess=True, imputation_type=simple, iterative_imputation_iters=5, categorical_features=None, categorical_imputation=constant, categorical_iterative_imputer=lightgbm, ordinal_features=None, high_cardinality_features=None, high_cardinality_method=frequency, numeric_features=None, numeric_imputation=mean, numeric_iterative_imputer=lightgbm, date_features=None, ignore_features=None, normalize=False, normalize_method=zscore, transformation=False, transformation_method=yeo-johnson, handle_unknown_categorical=True, unknown_categorical_method=least_frequent, pca=False, pca_method=linear, pca_components=None, ignore_low_variance=False, combine_rare_levels=False, rare_level_threshold=0.1, bin_numeric_features=None, remove_outliers=False, outliers_threshold=0.05, remove_multicollinearity=False, multicollinearity_threshold=0.9, remove_perfect_collinearity=True, create_clusters=False, cluster_iter=20, polynomial_features=False, polynomial_degree=2, trigonometry_features=False, polynomial_threshold=0.1, group_features=None, group_names=None, feature_selection=False, feature_selection_threshold=0.8, feature_selection_method=classic, feature_interaction=False, feature_ratio=False, interaction_threshold=0.01, fix_imbalance=False, fix_imbalance_method=None, transform_target=False, transform_target_method=box-cox, data_split_shuffle=True, data_split_stratify=False, fold_strategy=stratifiedkfold, fold=10, fold_shuffle=False, fold_groups=None, n_jobs=-1, use_gpu=False, custom_pipeline=None, html=True, session_id=None, log_experiment=False, experiment_name=None, log_plots=False, log_profile=False, log_data=False, silent=False, verbose=True, profile=False, profile_kwargs=None, display=None)
2021-09-19 00:26:30,318:INFO:Checking environment
2021-09-19 00:26:30,319:INFO:python_version: 3.9.7
2021-09-19 00:26:30,319:INFO:python_build: ('default', 'Aug 31 2021 13:28:12')
2021-09-19 00:26:30,320:INFO:machine: x86_64
2021-09-19 00:26:30,320:INFO:platform: Linux-5.14.5-arch1-1-x86_64-with-glibc2.33
2021-09-19 00:26:30,321:WARNING:cannot find psutil installation. memory not traceable. Install psutil using pip to enable memory logging.
2021-09-19 00:26:30,321:INFO:Checking libraries
2021-09-19 00:26:30,321:INFO:pd==1.3.3
2021-09-19 00:26:30,321:INFO:numpy==1.19.5
2021-09-19 00:26:30,321:INFO:sklearn==0.23.2
2021-09-19 00:26:30,321:INFO:lightgbm==3.2.1
2021-09-19 00:26:30,322:WARNING:catboost not found
2021-09-19 00:26:30,322:WARNING:xgboost not found
2021-09-19 00:26:30,322:INFO:mlflow==1.20.2
2021-09-19 00:26:30,322:INFO:Checking Exceptions
2021-09-19 00:26:30,322:INFO:Declaring global variables
2021-09-19 00:26:30,322:INFO:USI: 3a83
2021-09-19 00:26:30,322:INFO:pycaret_globals: {'USI', 'n_jobs_param', 'pycaret_globals', 'y_train', 'fold_param', 'gpu_param', 'exp_name_log', '_all_models_internal', 'logging_param', '_all_models', 'seed', '_available_plots', 'create_model_container', 'y', 'imputation_classifier', 'imputation_regressor', '_gpu_n_jobs_param', 'fold_groups_param_full', '_all_metrics', 'fix_imbalance_param', 'fold_shuffle_param', 'display_container', 'iterative_imputation_iters_param', 'transform_target_method_param', 'target_param', 'master_model_container', 'fold_groups_param', 'experiment__', '_internal_pipeline', '_ml_usecase', 'stratify_param', 'fix_imbalance_method_param', 'X_test', 'y_test', 'prep_pipe', 'X', 'fold_generator', 'data_before_preprocess', 'html_param', 'log_plots_param', 'X_train', 'transform_target_param'}
2021-09-19 00:26:30,322:INFO:Preparing display monitor
2021-09-19 00:26:30,322:INFO:Preparing display monitor
2021-09-19 00:26:30,343:INFO:Importing libraries
2021-09-19 00:26:30,343:INFO:Copying data for preprocessing
2021-09-19 00:26:30,397:INFO:Declaring preprocessing parameters
2021-09-19 00:26:30,465:INFO:Creating preprocessing pipeline
2021-09-19 00:26:31,341:INFO:Preprocessing pipeline created successfully
2021-09-19 00:26:31,342:ERROR:(Process Exit): setup has been interupted with user command 'quit'. setup must rerun.
2021-09-19 00:26:31,342:INFO:Creating global containers
2021-09-19 00:26:31,343:INFO:Internal pipeline: Pipeline(memory=None, steps=[('empty_step', 'passthrough')], verbose=False)
2021-09-19 00:26:41,042:WARNING:Couldn't import xgboost.XGBClassifier
2021-09-19 00:26:41,042:WARNING:Couldn't import catboost.CatBoostClassifier
2021-09-19 00:26:41,110:WARNING:Couldn't import xgboost.XGBClassifier
2021-09-19 00:26:41,111:WARNING:Couldn't import catboost.CatBoostClassifier
2021-09-19 00:26:41,112:INFO:Creating grid variables
2021-09-19 00:26:41,137:INFO:create_model_container: 0
2021-09-19 00:26:41,138:INFO:master_model_container: 0
2021-09-19 00:26:41,138:INFO:display_container: 1
2021-09-19 00:26:41,142:INFO:Pipeline(memory=None,
         steps=[('dtypes',
                 DataTypes_Auto_infer(categorical_features=[],
                                      display_types=True, features_todrop=[],
                                      id_columns=[],
                                      ml_usecase='classification',
                                      numerical_features=[], target='do_not',
                                      time_features=[])),
                ('imputer',
                 Simple_Imputer(categorical_strategy='not_available',
                                fill_value_categorical=None,
                                fill_value_numerical=None,
                                numeric_strat...
                ('scaling', 'passthrough'), ('P_transform', 'passthrough'),
                ('binn', 'passthrough'), ('rem_outliers', 'passthrough'),
                ('cluster_all', 'passthrough'),
                ('dummy', Dummify(target='do_not')),
                ('fix_perfect', Remove_100(target='do_not')),
                ('clean_names', Clean_Colum_Names()),
                ('feature_select', 'passthrough'), ('fix_multi', 'passthrough'),
                ('dfs', 'passthrough'), ('pca', 'passthrough')],
         verbose=False)
2021-09-19 00:26:41,142:INFO:setup() succesfully completed......................................
2021-09-19 00:27:09,980:INFO:Initializing compare_models()
2021-09-19 00:27:09,981:INFO:compare_models(include=None, fold=None, round=4, cross_validation=True, sort=Accuracy, n_select=1, budget_time=None, turbo=True, errors=ignore, fit_kwargs=None, groups=None, verbose=True, display=None, exclude=None)
2021-09-19 00:27:09,981:INFO:Checking exceptions
2021-09-19 00:27:09,991:INFO:Preparing display monitor
2021-09-19 00:27:09,992:INFO:Preparing display monitor
2021-09-19 00:27:10,024:INFO:Initializing Logistic Regression
2021-09-19 00:27:10,024:INFO:Total runtime is 3.961722056070964e-06 minutes
2021-09-19 00:27:10,033:INFO:SubProcess create_model() called ==================================
2021-09-19 00:27:10,033:INFO:Initializing create_model()
2021-09-19 00:27:10,033:INFO:create_model(estimator=lr, fold=StratifiedKFold(n_splits=10, random_state=None, shuffle=False), round=4, cross_validation=True, predict=True, fit_kwargs={}, groups=None, refit=False, verbose=False, system=False, metrics=None, display=<pycaret.internal.Display.Display object at 0x7faea40bef10>, kwargs={})
2021-09-19 00:27:10,033:INFO:Checking exceptions
2021-09-19 00:27:10,034:INFO:Importing libraries
2021-09-19 00:27:10,034:INFO:Copying training dataset
2021-09-19 00:27:10,042:INFO:Defining folds
2021-09-19 00:27:10,042:INFO:Declaring metric variables
2021-09-19 00:27:10,052:INFO:Importing untrained model
2021-09-19 00:27:10,064:INFO:Logistic Regression Imported succesfully
2021-09-19 00:27:10,083:INFO:Starting cross validation
2021-09-19 00:27:10,084:INFO:Cross validating with StratifiedKFold(n_splits=10, random_state=None, shuffle=False), n_jobs=-1
2021-09-19 00:27:43,122:INFO:Calculating mean and std
2021-09-19 00:27:43,124:INFO:Creating metrics dataframe
2021-09-19 00:27:43,134:INFO:Uploading results into container
2021-09-19 00:27:43,134:INFO:Uploading model into container now
2021-09-19 00:27:43,135:INFO:create_model_container: 1
2021-09-19 00:27:43,135:INFO:master_model_container: 1
2021-09-19 00:27:43,135:INFO:display_container: 2
2021-09-19 00:27:43,136:INFO:LogisticRegression(C=1.0, class_weight=None, dual=False, fit_intercept=True,
                   intercept_scaling=1, l1_ratio=None, max_iter=1000,
                   multi_class='auto', n_jobs=None, penalty='l2',
                   random_state=307, solver='lbfgs', tol=0.0001, verbose=0,
                   warm_start=False)
2021-09-19 00:27:43,136:INFO:create_model() succesfully completed......................................
2021-09-19 00:27:43,326:INFO:SubProcess create_model() end ==================================
2021-09-19 00:27:43,326:INFO:Creating metrics dataframe
2021-09-19 00:27:43,343:INFO:Initializing K Neighbors Classifier
2021-09-19 00:27:43,343:INFO:Total runtime is 0.5553254604339599 minutes
2021-09-19 00:27:43,353:INFO:SubProcess create_model() called ==================================
2021-09-19 00:27:43,353:INFO:Initializing create_model()
2021-09-19 00:27:43,354:INFO:create_model(estimator=knn, fold=StratifiedKFold(n_splits=10, random_state=None, shuffle=False), round=4, cross_validation=True, predict=True, fit_kwargs={}, groups=None, refit=False, verbose=False, system=False, metrics=None, display=<pycaret.internal.Display.Display object at 0x7faea40bef10>, kwargs={})
2021-09-19 00:27:43,354:INFO:Checking exceptions
2021-09-19 00:27:43,354:INFO:Importing libraries
2021-09-19 00:27:43,354:INFO:Copying training dataset
2021-09-19 00:27:43,363:INFO:Defining folds
2021-09-19 00:27:43,363:INFO:Declaring metric variables
2021-09-19 00:27:43,371:INFO:Importing untrained model
2021-09-19 00:27:43,382:INFO:K Neighbors Classifier Imported succesfully
2021-09-19 00:27:43,399:INFO:Starting cross validation
2021-09-19 00:27:43,400:INFO:Cross validating with StratifiedKFold(n_splits=10, random_state=None, shuffle=False), n_jobs=-1
2021-09-19 00:28:14,048:INFO:Calculating mean and std
2021-09-19 00:28:14,050:INFO:Creating metrics dataframe
2021-09-19 00:28:14,061:INFO:Uploading results into container
2021-09-19 00:28:14,061:INFO:Uploading model into container now
2021-09-19 00:28:14,061:INFO:create_model_container: 2
2021-09-19 00:28:14,062:INFO:master_model_container: 2
2021-09-19 00:28:14,062:INFO:display_container: 2
2021-09-19 00:28:14,063:INFO:KNeighborsClassifier(algorithm='auto', leaf_size=30, metric='minkowski',
                     metric_params=None, n_jobs=-1, n_neighbors=5, p=2,
                     weights='uniform')
2021-09-19 00:28:14,063:INFO:create_model() succesfully completed......................................
2021-09-19 00:28:14,225:INFO:SubProcess create_model() end ==================================
2021-09-19 00:28:14,226:INFO:Creating metrics dataframe
2021-09-19 00:28:14,242:INFO:Initializing Naive Bayes
2021-09-19 00:28:14,242:INFO:Total runtime is 1.070311975479126 minutes
2021-09-19 00:28:14,251:INFO:SubProcess create_model() called ==================================
2021-09-19 00:28:14,251:INFO:Initializing create_model()
2021-09-19 00:28:14,251:INFO:create_model(estimator=nb, fold=StratifiedKFold(n_splits=10, random_state=None, shuffle=False), round=4, cross_validation=True, predict=True, fit_kwargs={}, groups=None, refit=False, verbose=False, system=False, metrics=None, display=<pycaret.internal.Display.Display object at 0x7faea40bef10>, kwargs={})
2021-09-19 00:28:14,251:INFO:Checking exceptions
2021-09-19 00:28:14,252:INFO:Importing libraries
2021-09-19 00:28:14,252:INFO:Copying training dataset
2021-09-19 00:28:14,260:INFO:Defining folds
2021-09-19 00:28:14,261:INFO:Declaring metric variables
2021-09-19 00:28:14,269:INFO:Importing untrained model
2021-09-19 00:28:14,279:INFO:Naive Bayes Imported succesfully
2021-09-19 00:28:14,297:INFO:Starting cross validation
2021-09-19 00:28:14,298:INFO:Cross validating with StratifiedKFold(n_splits=10, random_state=None, shuffle=False), n_jobs=-1
2021-09-19 00:28:16,798:INFO:Calculating mean and std
2021-09-19 00:28:16,800:INFO:Creating metrics dataframe
2021-09-19 00:28:16,804:INFO:Uploading results into container
2021-09-19 00:28:16,804:INFO:Uploading model into container now
2021-09-19 00:28:16,805:INFO:create_model_container: 3
2021-09-19 00:28:16,805:INFO:master_model_container: 3
2021-09-19 00:28:16,805:INFO:display_container: 2
2021-09-19 00:28:16,806:INFO:GaussianNB(priors=None, var_smoothing=1e-09)
2021-09-19 00:28:16,806:INFO:create_model() succesfully completed......................................
2021-09-19 00:28:16,952:INFO:SubProcess create_model() end ==================================
2021-09-19 00:28:16,952:INFO:Creating metrics dataframe
2021-09-19 00:28:16,968:INFO:Initializing Decision Tree Classifier
2021-09-19 00:28:16,968:INFO:Total runtime is 1.115734851360321 minutes
2021-09-19 00:28:16,977:INFO:SubProcess create_model() called ==================================
2021-09-19 00:28:16,978:INFO:Initializing create_model()
2021-09-19 00:28:16,978:INFO:create_model(estimator=dt, fold=StratifiedKFold(n_splits=10, random_state=None, shuffle=False), round=4, cross_validation=True, predict=True, fit_kwargs={}, groups=None, refit=False, verbose=False, system=False, metrics=None, display=<pycaret.internal.Display.Display object at 0x7faea40bef10>, kwargs={})
2021-09-19 00:28:16,978:INFO:Checking exceptions
2021-09-19 00:28:16,978:INFO:Importing libraries
2021-09-19 00:28:16,978:INFO:Copying training dataset
2021-09-19 00:28:16,984:INFO:Defining folds
2021-09-19 00:28:16,984:INFO:Declaring metric variables
2021-09-19 00:28:16,996:INFO:Importing untrained model
2021-09-19 00:28:17,006:INFO:Decision Tree Classifier Imported succesfully
2021-09-19 00:28:17,023:INFO:Starting cross validation
2021-09-19 00:28:17,024:INFO:Cross validating with StratifiedKFold(n_splits=10, random_state=None, shuffle=False), n_jobs=-1
2021-09-19 00:29:13,095:INFO:Calculating mean and std
2021-09-19 00:29:13,097:INFO:Creating metrics dataframe
2021-09-19 00:29:13,106:INFO:Uploading results into container
2021-09-19 00:29:13,106:INFO:Uploading model into container now
2021-09-19 00:29:13,107:INFO:create_model_container: 4
2021-09-19 00:29:13,107:INFO:master_model_container: 4
2021-09-19 00:29:13,107:INFO:display_container: 2
2021-09-19 00:29:13,109:INFO:DecisionTreeClassifier(ccp_alpha=0.0, class_weight=None, criterion='gini',
                       max_depth=None, max_features=None, max_leaf_nodes=None,
                       min_impurity_decrease=0.0, min_impurity_split=None,
                       min_samples_leaf=1, min_samples_split=2,
                       min_weight_fraction_leaf=0.0, presort='deprecated',
                       random_state=307, splitter='best')
2021-09-19 00:29:13,109:INFO:create_model() succesfully completed......................................
2021-09-19 00:29:13,276:INFO:SubProcess create_model() end ==================================
2021-09-19 00:29:13,276:INFO:Creating metrics dataframe
2021-09-19 00:29:13,294:INFO:Initializing SVM - Linear Kernel
2021-09-19 00:29:13,294:INFO:Total runtime is 2.054514197508494 minutes
2021-09-19 00:29:13,302:INFO:SubProcess create_model() called ==================================
2021-09-19 00:29:13,302:INFO:Initializing create_model()
2021-09-19 00:29:13,302:INFO:create_model(estimator=svm, fold=StratifiedKFold(n_splits=10, random_state=None, shuffle=False), round=4, cross_validation=True, predict=True, fit_kwargs={}, groups=None, refit=False, verbose=False, system=False, metrics=None, display=<pycaret.internal.Display.Display object at 0x7faea40bef10>, kwargs={})
2021-09-19 00:29:13,302:INFO:Checking exceptions
2021-09-19 00:29:13,302:INFO:Importing libraries
2021-09-19 00:29:13,302:INFO:Copying training dataset
2021-09-19 00:29:13,312:INFO:Defining folds
2021-09-19 00:29:13,312:INFO:Declaring metric variables
2021-09-19 00:29:13,326:INFO:Importing untrained model
2021-09-19 00:29:13,338:INFO:SVM - Linear Kernel Imported succesfully
2021-09-19 00:29:13,360:INFO:Starting cross validation
2021-09-19 00:29:13,361:INFO:Cross validating with StratifiedKFold(n_splits=10, random_state=None, shuffle=False), n_jobs=-1
2021-09-19 00:36:04,871:INFO:Calculating mean and std
2021-09-19 00:36:04,872:INFO:Creating metrics dataframe
2021-09-19 00:36:04,881:INFO:Uploading results into container
2021-09-19 00:36:04,882:INFO:Uploading model into container now
2021-09-19 00:36:04,882:INFO:create_model_container: 5
2021-09-19 00:36:04,883:INFO:master_model_container: 5
2021-09-19 00:36:04,883:INFO:display_container: 2
2021-09-19 00:36:04,884:INFO:SGDClassifier(alpha=0.0001, average=False, class_weight=None,
              early_stopping=False, epsilon=0.1, eta0=0.001, fit_intercept=True,
              l1_ratio=0.15, learning_rate='optimal', loss='hinge',
              max_iter=1000, n_iter_no_change=5, n_jobs=-1, penalty='l2',
              power_t=0.5, random_state=307, shuffle=True, tol=0.001,
              validation_fraction=0.1, verbose=0, warm_start=False)
2021-09-19 00:36:04,884:INFO:create_model() succesfully completed......................................
2021-09-19 00:36:05,024:INFO:SubProcess create_model() end ==================================
2021-09-19 00:36:05,024:INFO:Creating metrics dataframe
2021-09-19 00:36:05,038:INFO:Initializing Ridge Classifier
2021-09-19 00:36:05,039:INFO:Total runtime is 8.916917677720388 minutes
2021-09-19 00:36:05,048:INFO:SubProcess create_model() called ==================================
2021-09-19 00:36:05,048:INFO:Initializing create_model()
2021-09-19 00:36:05,048:INFO:create_model(estimator=ridge, fold=StratifiedKFold(n_splits=10, random_state=None, shuffle=False), round=4, cross_validation=True, predict=True, fit_kwargs={}, groups=None, refit=False, verbose=False, system=False, metrics=None, display=<pycaret.internal.Display.Display object at 0x7faea40bef10>, kwargs={})
2021-09-19 00:36:05,048:INFO:Checking exceptions
2021-09-19 00:36:05,048:INFO:Importing libraries
2021-09-19 00:36:05,048:INFO:Copying training dataset
2021-09-19 00:36:05,055:INFO:Defining folds
2021-09-19 00:36:05,055:INFO:Declaring metric variables
2021-09-19 00:36:05,063:INFO:Importing untrained model
2021-09-19 00:36:05,072:INFO:Ridge Classifier Imported succesfully
2021-09-19 00:36:05,090:INFO:Starting cross validation
2021-09-19 00:36:05,091:INFO:Cross validating with StratifiedKFold(n_splits=10, random_state=None, shuffle=False), n_jobs=-1
2021-09-19 00:36:07,959:INFO:Calculating mean and std
2021-09-19 00:36:07,961:INFO:Creating metrics dataframe
2021-09-19 00:36:07,968:INFO:Uploading results into container
2021-09-19 00:36:07,968:INFO:Uploading model into container now
2021-09-19 00:36:07,968:INFO:create_model_container: 6
2021-09-19 00:36:07,968:INFO:master_model_container: 6
2021-09-19 00:36:07,968:INFO:display_container: 2
2021-09-19 00:36:07,969:INFO:RidgeClassifier(alpha=1.0, class_weight=None, copy_X=True, fit_intercept=True,
                max_iter=None, normalize=False, random_state=307, solver='auto',
                tol=0.001)
2021-09-19 00:36:07,970:INFO:create_model() succesfully completed......................................
2021-09-19 00:36:08,148:INFO:SubProcess create_model() end ==================================
2021-09-19 00:36:08,149:INFO:Creating metrics dataframe
2021-09-19 00:36:08,182:INFO:Initializing Random Forest Classifier
2021-09-19 00:36:08,182:INFO:Total runtime is 8.969311237335205 minutes
2021-09-19 00:36:08,195:INFO:SubProcess create_model() called ==================================
2021-09-19 00:36:08,195:INFO:Initializing create_model()
2021-09-19 00:36:08,196:INFO:create_model(estimator=rf, fold=StratifiedKFold(n_splits=10, random_state=None, shuffle=False), round=4, cross_validation=True, predict=True, fit_kwargs={}, groups=None, refit=False, verbose=False, system=False, metrics=None, display=<pycaret.internal.Display.Display object at 0x7faea40bef10>, kwargs={})
2021-09-19 00:36:08,196:INFO:Checking exceptions
2021-09-19 00:36:08,196:INFO:Importing libraries
2021-09-19 00:36:08,196:INFO:Copying training dataset
2021-09-19 00:36:08,202:INFO:Defining folds
2021-09-19 00:36:08,203:INFO:Declaring metric variables
2021-09-19 00:36:08,216:INFO:Importing untrained model
2021-09-19 00:36:08,227:INFO:Random Forest Classifier Imported succesfully
2021-09-19 00:36:08,248:INFO:Starting cross validation
2021-09-19 00:36:08,248:INFO:Cross validating with StratifiedKFold(n_splits=10, random_state=None, shuffle=False), n_jobs=-1
2021-09-19 00:59:08,609:INFO:PyCaret Supervised Module
2021-09-19 00:59:08,609:INFO:ML Usecase: classification
2021-09-19 00:59:08,609:INFO:version 2.3.3
2021-09-19 00:59:08,609:INFO:Initializing setup()
2021-09-19 00:59:08,609:INFO:setup(target=do_not, ml_usecase=classification, available_plots={'parameter': 'Hyperparameters', 'auc': 'AUC', 'confusion_matrix': 'Confusion Matrix', 'threshold': 'Threshold', 'pr': 'Precision Recall', 'error': 'Prediction Error', 'class_report': 'Class Report', 'rfe': 'Feature Selection', 'learning': 'Learning Curve', 'manifold': 'Manifold Learning', 'calibration': 'Calibration Curve', 'vc': 'Validation Curve', 'dimension': 'Dimensions', 'feature': 'Feature Importance', 'feature_all': 'Feature Importance (All)', 'boundary': 'Decision Boundary', 'lift': 'Lift Chart', 'gain': 'Gain Chart', 'tree': 'Decision Tree', 'ks': 'KS Statistic Plot'}, train_size=0.7, test_data=None, preprocess=True, imputation_type=simple, iterative_imputation_iters=5, categorical_features=None, categorical_imputation=constant, categorical_iterative_imputer=lightgbm, ordinal_features=None, high_cardinality_features=None, high_cardinality_method=frequency, numeric_features=None, numeric_imputation=mean, numeric_iterative_imputer=lightgbm, date_features=None, ignore_features=None, normalize=False, normalize_method=zscore, transformation=False, transformation_method=yeo-johnson, handle_unknown_categorical=True, unknown_categorical_method=least_frequent, pca=False, pca_method=linear, pca_components=None, ignore_low_variance=False, combine_rare_levels=False, rare_level_threshold=0.1, bin_numeric_features=None, remove_outliers=False, outliers_threshold=0.05, remove_multicollinearity=False, multicollinearity_threshold=0.9, remove_perfect_collinearity=True, create_clusters=False, cluster_iter=20, polynomial_features=False, polynomial_degree=2, trigonometry_features=False, polynomial_threshold=0.1, group_features=None, group_names=None, feature_selection=False, feature_selection_threshold=0.8, feature_selection_method=classic, feature_interaction=False, feature_ratio=False, interaction_threshold=0.01, fix_imbalance=False, fix_imbalance_method=None, transform_target=False, transform_target_method=box-cox, data_split_shuffle=True, data_split_stratify=False, fold_strategy=stratifiedkfold, fold=10, fold_shuffle=False, fold_groups=None, n_jobs=-1, use_gpu=False, custom_pipeline=None, html=True, session_id=None, log_experiment=False, experiment_name=None, log_plots=False, log_profile=False, log_data=False, silent=False, verbose=True, profile=False, profile_kwargs=None, display=None)
2021-09-19 00:59:08,609:INFO:Checking environment
2021-09-19 00:59:08,609:INFO:python_version: 3.9.7
2021-09-19 00:59:08,609:INFO:python_build: ('default', 'Aug 31 2021 13:28:12')
2021-09-19 00:59:08,609:INFO:machine: x86_64
2021-09-19 00:59:08,609:INFO:platform: Linux-5.14.5-arch1-1-x86_64-with-glibc2.33
2021-09-19 00:59:08,610:WARNING:cannot find psutil installation. memory not traceable. Install psutil using pip to enable memory logging.
2021-09-19 00:59:08,610:INFO:Checking libraries
2021-09-19 00:59:08,610:INFO:pd==1.3.3
2021-09-19 00:59:08,610:INFO:numpy==1.19.5
2021-09-19 00:59:08,610:INFO:sklearn==0.23.2
2021-09-19 00:59:08,610:INFO:lightgbm==3.2.1
2021-09-19 00:59:08,610:WARNING:catboost not found
2021-09-19 00:59:08,611:WARNING:xgboost not found
2021-09-19 00:59:08,843:INFO:mlflow==1.20.2
2021-09-19 00:59:08,844:INFO:Checking Exceptions
2021-09-19 00:59:08,844:INFO:Declaring global variables
2021-09-19 00:59:08,844:INFO:USI: b3f4
2021-09-19 00:59:08,844:INFO:pycaret_globals: {'master_model_container', 'seed', 'fix_imbalance_method_param', 'transform_target_method_param', 'logging_param', 'data_before_preprocess', 'y', 'iterative_imputation_iters_param', '_all_models_internal', '_all_metrics', 'n_jobs_param', 'fold_shuffle_param', 'fold_param', 'y_train', '_available_plots', 'pycaret_globals', 'fix_imbalance_param', 'y_test', 'X_train', 'gpu_param', 'transform_target_param', 'fold_groups_param', '_ml_usecase', 'USI', '_internal_pipeline', 'X_test', 'X', 'create_model_container', 'imputation_regressor', 'fold_groups_param_full', 'display_container', '_gpu_n_jobs_param', 'imputation_classifier', 'target_param', '_all_models', 'stratify_param', 'prep_pipe', 'fold_generator', 'log_plots_param', 'html_param', 'experiment__', 'exp_name_log'}
2021-09-19 00:59:08,844:INFO:Preparing display monitor
2021-09-19 00:59:08,845:INFO:Preparing display monitor
2021-09-19 00:59:08,864:INFO:Importing libraries
2021-09-19 00:59:08,864:INFO:Copying data for preprocessing
2021-09-19 00:59:08,913:INFO:Declaring preprocessing parameters
2021-09-19 00:59:08,994:INFO:Creating preprocessing pipeline
2021-09-19 00:59:09,844:INFO:Preprocessing pipeline created successfully
2021-09-19 00:59:09,844:ERROR:(Process Exit): setup has been interupted with user command 'quit'. setup must rerun.
2021-09-19 00:59:09,844:INFO:Creating global containers
2021-09-19 00:59:09,852:INFO:Internal pipeline: Pipeline(memory=None, steps=[('empty_step', 'passthrough')], verbose=False)
2021-09-19 00:59:18,547:WARNING:Couldn't import xgboost.XGBClassifier
2021-09-19 00:59:18,548:WARNING:Couldn't import catboost.CatBoostClassifier
2021-09-19 00:59:18,615:WARNING:Couldn't import xgboost.XGBClassifier
2021-09-19 00:59:18,616:WARNING:Couldn't import catboost.CatBoostClassifier
2021-09-19 00:59:18,616:INFO:Creating grid variables
2021-09-19 00:59:18,646:INFO:create_model_container: 0
2021-09-19 00:59:18,646:INFO:master_model_container: 0
2021-09-19 00:59:18,646:INFO:display_container: 1
2021-09-19 00:59:18,650:INFO:Pipeline(memory=None,
         steps=[('dtypes',
                 DataTypes_Auto_infer(categorical_features=[],
                                      display_types=True, features_todrop=[],
                                      id_columns=[],
                                      ml_usecase='classification',
                                      numerical_features=[], target='do_not',
                                      time_features=[])),
                ('imputer',
                 Simple_Imputer(categorical_strategy='not_available',
                                fill_value_categorical=None,
                                fill_value_numerical=None,
                                numeric_strat...
                ('scaling', 'passthrough'), ('P_transform', 'passthrough'),
                ('binn', 'passthrough'), ('rem_outliers', 'passthrough'),
                ('cluster_all', 'passthrough'),
                ('dummy', Dummify(target='do_not')),
                ('fix_perfect', Remove_100(target='do_not')),
                ('clean_names', Clean_Colum_Names()),
                ('feature_select', 'passthrough'), ('fix_multi', 'passthrough'),
                ('dfs', 'passthrough'), ('pca', 'passthrough')],
         verbose=False)
2021-09-19 00:59:18,650:INFO:setup() succesfully completed......................................
2021-09-19 00:59:18,972:INFO:Initializing create_model()
2021-09-19 00:59:18,973:INFO:create_model(estimator=dt, fold=None, round=4, cross_validation=True, predict=True, fit_kwargs=None, groups=None, refit=True, verbose=True, system=True, metrics=None, display=None, kwargs={})
2021-09-19 00:59:18,974:INFO:Checking exceptions
2021-09-19 00:59:18,974:INFO:Preparing display monitor
2021-09-19 00:59:19,007:INFO:Importing libraries
2021-09-19 00:59:19,007:INFO:Copying training dataset
2021-09-19 00:59:19,015:INFO:Defining folds
2021-09-19 00:59:19,015:INFO:Declaring metric variables
2021-09-19 00:59:19,026:INFO:Importing untrained model
2021-09-19 00:59:19,038:INFO:Decision Tree Classifier Imported succesfully
2021-09-19 00:59:19,062:INFO:Starting cross validation
2021-09-19 00:59:19,062:INFO:Cross validating with StratifiedKFold(n_splits=10, random_state=None, shuffle=False), n_jobs=-1
2021-09-19 01:00:16,469:INFO:Calculating mean and std
2021-09-19 01:00:16,471:INFO:Creating metrics dataframe
2021-09-19 01:00:16,507:INFO:Finalizing model
2021-09-19 01:00:56,648:INFO:Uploading results into container
2021-09-19 01:00:56,648:INFO:Uploading model into container now
2021-09-19 01:00:56,665:INFO:create_model_container: 1
2021-09-19 01:00:56,666:INFO:master_model_container: 1
2021-09-19 01:00:56,666:INFO:display_container: 2
2021-09-19 01:00:56,667:INFO:DecisionTreeClassifier(ccp_alpha=0.0, class_weight=None, criterion='gini',
                       max_depth=None, max_features=None, max_leaf_nodes=None,
                       min_impurity_decrease=0.0, min_impurity_split=None,
                       min_samples_leaf=1, min_samples_split=2,
                       min_weight_fraction_leaf=0.0, presort='deprecated',
                       random_state=2112, splitter='best')
2021-09-19 01:00:56,667:INFO:create_model() succesfully completed......................................
2021-09-19 01:01:18,438:INFO:Initializing tune_model()
2021-09-19 01:01:18,439:INFO:tune_model(estimator=DecisionTreeClassifier(ccp_alpha=0.0, class_weight=None, criterion='gini',
                       max_depth=None, max_features=None, max_leaf_nodes=None,
                       min_impurity_decrease=0.0, min_impurity_split=None,
                       min_samples_leaf=1, min_samples_split=2,
                       min_weight_fraction_leaf=0.0, presort='deprecated',
                       random_state=2112, splitter='best'), fold=None, round=4, n_iter=10, custom_grid=None, optimize=Accuracy, custom_scorer=None, search_library=scikit-learn, search_algorithm=None, early_stopping=False, early_stopping_max_iters=10, choose_better=False, fit_kwargs=None, groups=None, return_tuner=False, verbose=True, tuner_verbose=True, display=None, kwargs={})
2021-09-19 01:01:18,440:INFO:Checking exceptions
2021-09-19 01:01:18,456:INFO:Preparing display monitor
2021-09-19 01:01:18,492:INFO:Copying training dataset
2021-09-19 01:01:18,505:INFO:Checking base model
2021-09-19 01:01:18,505:INFO:Base model : Decision Tree Classifier
2021-09-19 01:01:18,516:INFO:Declaring metric variables
2021-09-19 01:01:18,526:INFO:Defining Hyperparameters
2021-09-19 01:01:18,625:INFO:Tuning with n_jobs=-1
2021-09-19 01:01:18,625:INFO:Initializing RandomizedSearchCV
2021-09-19 01:02:07,557:INFO:best_params: {'actual_estimator__min_samples_split': 10, 'actual_estimator__min_samples_leaf': 5, 'actual_estimator__min_impurity_decrease': 0.0005, 'actual_estimator__max_features': 1.0, 'actual_estimator__max_depth': 5, 'actual_estimator__criterion': 'entropy'}
2021-09-19 01:02:07,559:INFO:Hyperparameter search completed
2021-09-19 01:02:07,559:INFO:SubProcess create_model() called ==================================
2021-09-19 01:02:07,560:INFO:Initializing create_model()
2021-09-19 01:02:07,561:INFO:create_model(estimator=DecisionTreeClassifier(ccp_alpha=0.0, class_weight=None, criterion='gini',
                       max_depth=None, max_features=None, max_leaf_nodes=None,
                       min_impurity_decrease=0.0, min_impurity_split=None,
                       min_samples_leaf=1, min_samples_split=2,
                       min_weight_fraction_leaf=0.0, presort='deprecated',
                       random_state=2112, splitter='best'), fold=StratifiedKFold(n_splits=10, random_state=None, shuffle=False), round=4, cross_validation=True, predict=True, fit_kwargs={}, groups=None, refit=True, verbose=True, system=False, metrics=None, display=<pycaret.internal.Display.Display object at 0x7fc386423100>, kwargs={'min_samples_split': 10, 'min_samples_leaf': 5, 'min_impurity_decrease': 0.0005, 'max_features': 1.0, 'max_depth': 5, 'criterion': 'entropy'})
2021-09-19 01:02:07,561:INFO:Checking exceptions
2021-09-19 01:02:07,562:INFO:Importing libraries
2021-09-19 01:02:07,562:INFO:Copying training dataset
2021-09-19 01:02:07,569:INFO:Defining folds
2021-09-19 01:02:07,569:INFO:Declaring metric variables
2021-09-19 01:02:07,587:INFO:Importing untrained model
2021-09-19 01:02:07,587:INFO:Declaring custom model
2021-09-19 01:02:07,604:INFO:Decision Tree Classifier Imported succesfully
2021-09-19 01:02:07,638:INFO:Starting cross validation
2021-09-19 01:02:07,639:INFO:Cross validating with StratifiedKFold(n_splits=10, random_state=None, shuffle=False), n_jobs=-1
2021-09-19 01:02:25,296:INFO:Calculating mean and std
2021-09-19 01:02:25,297:INFO:Creating metrics dataframe
2021-09-19 01:02:25,312:INFO:Finalizing model
2021-09-19 01:02:36,624:INFO:Uploading results into container
2021-09-19 01:02:36,625:INFO:Uploading model into container now
2021-09-19 01:02:36,625:INFO:create_model_container: 2
2021-09-19 01:02:36,626:INFO:master_model_container: 2
2021-09-19 01:02:36,626:INFO:display_container: 3
2021-09-19 01:02:36,627:INFO:DecisionTreeClassifier(ccp_alpha=0.0, class_weight=None, criterion='entropy',
                       max_depth=5, max_features=1.0, max_leaf_nodes=None,
                       min_impurity_decrease=0.0005, min_impurity_split=None,
                       min_samples_leaf=5, min_samples_split=10,
                       min_weight_fraction_leaf=0.0, presort='deprecated',
                       random_state=2112, splitter='best')
2021-09-19 01:02:36,627:INFO:create_model() succesfully completed......................................
2021-09-19 01:02:36,700:INFO:SubProcess create_model() end ==================================
2021-09-19 01:02:36,712:INFO:create_model_container: 2
2021-09-19 01:02:36,712:INFO:master_model_container: 2
2021-09-19 01:02:36,712:INFO:display_container: 3
2021-09-19 01:02:36,713:INFO:DecisionTreeClassifier(ccp_alpha=0.0, class_weight=None, criterion='entropy',
                       max_depth=5, max_features=1.0, max_leaf_nodes=None,
                       min_impurity_decrease=0.0005, min_impurity_split=None,
                       min_samples_leaf=5, min_samples_split=10,
                       min_weight_fraction_leaf=0.0, presort='deprecated',
                       random_state=2112, splitter='best')
2021-09-19 01:02:36,713:INFO:tune_model() succesfully completed......................................
2021-09-19 01:06:44,107:INFO:PyCaret Supervised Module
2021-09-19 01:06:44,107:INFO:ML Usecase: classification
2021-09-19 01:06:44,107:INFO:version 2.3.3
2021-09-19 01:06:44,107:INFO:Initializing setup()
2021-09-19 01:06:44,107:INFO:setup(target=do_not, ml_usecase=classification, available_plots={'parameter': 'Hyperparameters', 'auc': 'AUC', 'confusion_matrix': 'Confusion Matrix', 'threshold': 'Threshold', 'pr': 'Precision Recall', 'error': 'Prediction Error', 'class_report': 'Class Report', 'rfe': 'Feature Selection', 'learning': 'Learning Curve', 'manifold': 'Manifold Learning', 'calibration': 'Calibration Curve', 'vc': 'Validation Curve', 'dimension': 'Dimensions', 'feature': 'Feature Importance', 'feature_all': 'Feature Importance (All)', 'boundary': 'Decision Boundary', 'lift': 'Lift Chart', 'gain': 'Gain Chart', 'tree': 'Decision Tree', 'ks': 'KS Statistic Plot'}, train_size=0.7, test_data=None, preprocess=True, imputation_type=simple, iterative_imputation_iters=5, categorical_features=None, categorical_imputation=constant, categorical_iterative_imputer=lightgbm, ordinal_features=None, high_cardinality_features=None, high_cardinality_method=frequency, numeric_features=None, numeric_imputation=mean, numeric_iterative_imputer=lightgbm, date_features=None, ignore_features=None, normalize=False, normalize_method=zscore, transformation=False, transformation_method=yeo-johnson, handle_unknown_categorical=True, unknown_categorical_method=least_frequent, pca=False, pca_method=linear, pca_components=None, ignore_low_variance=False, combine_rare_levels=False, rare_level_threshold=0.1, bin_numeric_features=None, remove_outliers=False, outliers_threshold=0.05, remove_multicollinearity=False, multicollinearity_threshold=0.9, remove_perfect_collinearity=True, create_clusters=False, cluster_iter=20, polynomial_features=False, polynomial_degree=2, trigonometry_features=False, polynomial_threshold=0.1, group_features=None, group_names=None, feature_selection=False, feature_selection_threshold=0.8, feature_selection_method=classic, feature_interaction=False, feature_ratio=False, interaction_threshold=0.01, fix_imbalance=False, fix_imbalance_method=None, transform_target=False, transform_target_method=box-cox, data_split_shuffle=True, data_split_stratify=False, fold_strategy=stratifiedkfold, fold=10, fold_shuffle=False, fold_groups=None, n_jobs=-1, use_gpu=False, custom_pipeline=None, html=True, session_id=None, log_experiment=False, experiment_name=None, log_plots=False, log_profile=False, log_data=False, silent=False, verbose=True, profile=False, profile_kwargs=None, display=None)
2021-09-19 01:06:44,108:INFO:Checking environment
2021-09-19 01:06:44,108:INFO:python_version: 3.9.7
2021-09-19 01:06:44,108:INFO:python_build: ('default', 'Aug 31 2021 13:28:12')
2021-09-19 01:06:44,108:INFO:machine: x86_64
2021-09-19 01:06:44,109:INFO:platform: Linux-5.14.5-arch1-1-x86_64-with-glibc2.33
2021-09-19 01:06:44,110:WARNING:cannot find psutil installation. memory not traceable. Install psutil using pip to enable memory logging.
2021-09-19 01:06:44,111:INFO:Checking libraries
2021-09-19 01:06:44,111:INFO:pd==1.3.3
2021-09-19 01:06:44,111:INFO:numpy==1.19.5
2021-09-19 01:06:44,111:INFO:sklearn==0.23.2
2021-09-19 01:06:44,111:INFO:lightgbm==3.2.1
2021-09-19 01:06:44,112:WARNING:catboost not found
2021-09-19 01:06:44,112:WARNING:xgboost not found
2021-09-19 01:06:44,112:INFO:mlflow==1.20.2
2021-09-19 01:06:44,112:INFO:Checking Exceptions
2021-09-19 01:06:44,113:INFO:Declaring global variables
2021-09-19 01:06:44,113:INFO:USI: aa9e
2021-09-19 01:06:44,113:INFO:pycaret_globals: {'master_model_container', 'seed', 'fix_imbalance_method_param', 'transform_target_method_param', 'logging_param', 'data_before_preprocess', 'y', 'iterative_imputation_iters_param', '_all_models_internal', '_all_metrics', 'n_jobs_param', 'fold_shuffle_param', 'fold_param', 'y_train', '_available_plots', 'pycaret_globals', 'fix_imbalance_param', 'y_test', 'X_train', 'gpu_param', 'transform_target_param', 'fold_groups_param', '_ml_usecase', 'USI', '_internal_pipeline', 'X_test', 'X', 'create_model_container', 'imputation_regressor', 'fold_groups_param_full', 'display_container', '_gpu_n_jobs_param', 'imputation_classifier', 'target_param', '_all_models', 'stratify_param', 'prep_pipe', 'fold_generator', 'log_plots_param', 'html_param', 'experiment__', 'exp_name_log'}
2021-09-19 01:06:44,113:INFO:Preparing display monitor
2021-09-19 01:06:44,113:INFO:Preparing display monitor
2021-09-19 01:06:44,138:INFO:Importing libraries
2021-09-19 01:06:44,138:INFO:Copying data for preprocessing
2021-09-19 01:06:44,179:INFO:Declaring preprocessing parameters
2021-09-19 01:06:44,254:INFO:Creating preprocessing pipeline
2021-09-19 01:06:45,112:INFO:Preprocessing pipeline created successfully
2021-09-19 01:06:45,113:ERROR:(Process Exit): setup has been interupted with user command 'quit'. setup must rerun.
2021-09-19 01:06:45,113:INFO:Creating global containers
2021-09-19 01:06:45,113:INFO:Internal pipeline: Pipeline(memory=None, steps=[('empty_step', 'passthrough')], verbose=False)
2021-09-19 01:06:52,738:WARNING:Couldn't import xgboost.XGBClassifier
2021-09-19 01:06:52,739:WARNING:Couldn't import catboost.CatBoostClassifier
2021-09-19 01:06:52,812:WARNING:Couldn't import xgboost.XGBClassifier
2021-09-19 01:06:52,813:WARNING:Couldn't import catboost.CatBoostClassifier
2021-09-19 01:06:52,813:INFO:Creating grid variables
2021-09-19 01:06:52,845:INFO:create_model_container: 0
2021-09-19 01:06:52,845:INFO:master_model_container: 0
2021-09-19 01:06:52,845:INFO:display_container: 1
2021-09-19 01:06:52,849:INFO:Pipeline(memory=None,
         steps=[('dtypes',
                 DataTypes_Auto_infer(categorical_features=[],
                                      display_types=True, features_todrop=[],
                                      id_columns=[],
                                      ml_usecase='classification',
                                      numerical_features=[], target='do_not',
                                      time_features=[])),
                ('imputer',
                 Simple_Imputer(categorical_strategy='not_available',
                                fill_value_categorical=None,
                                fill_value_numerical=None,
                                numeric_strat...
                ('scaling', 'passthrough'), ('P_transform', 'passthrough'),
                ('binn', 'passthrough'), ('rem_outliers', 'passthrough'),
                ('cluster_all', 'passthrough'),
                ('dummy', Dummify(target='do_not')),
                ('fix_perfect', Remove_100(target='do_not')),
                ('clean_names', Clean_Colum_Names()),
                ('feature_select', 'passthrough'), ('fix_multi', 'passthrough'),
                ('dfs', 'passthrough'), ('pca', 'passthrough')],
         verbose=False)
2021-09-19 01:06:52,849:INFO:setup() succesfully completed......................................
2021-09-19 01:06:55,975:INFO:Initializing create_model()
2021-09-19 01:06:55,976:INFO:create_model(estimator=dt, fold=None, round=4, cross_validation=True, predict=True, fit_kwargs=None, groups=None, refit=True, verbose=True, system=True, metrics=None, display=None, kwargs={})
2021-09-19 01:06:55,977:INFO:Checking exceptions
2021-09-19 01:06:55,977:INFO:Preparing display monitor
2021-09-19 01:06:56,023:INFO:Importing libraries
2021-09-19 01:06:56,023:INFO:Copying training dataset
2021-09-19 01:06:56,030:INFO:Defining folds
2021-09-19 01:06:56,030:INFO:Declaring metric variables
2021-09-19 01:06:56,041:INFO:Importing untrained model
2021-09-19 01:06:56,049:INFO:Decision Tree Classifier Imported succesfully
2021-09-19 01:06:56,066:INFO:Starting cross validation
2021-09-19 01:06:56,066:INFO:Cross validating with StratifiedKFold(n_splits=10, random_state=None, shuffle=False), n_jobs=-1
2021-09-19 01:07:50,421:INFO:Calculating mean and std
2021-09-19 01:07:50,423:INFO:Creating metrics dataframe
2021-09-19 01:07:50,445:INFO:Finalizing model
2021-09-19 01:08:28,579:INFO:Uploading results into container
2021-09-19 01:08:28,579:INFO:Uploading model into container now
2021-09-19 01:08:28,593:INFO:create_model_container: 1
2021-09-19 01:08:28,594:INFO:master_model_container: 1
2021-09-19 01:08:28,594:INFO:display_container: 2
2021-09-19 01:08:28,594:INFO:DecisionTreeClassifier(ccp_alpha=0.0, class_weight=None, criterion='gini',
                       max_depth=None, max_features=None, max_leaf_nodes=None,
                       min_impurity_decrease=0.0, min_impurity_split=None,
                       min_samples_leaf=1, min_samples_split=2,
                       min_weight_fraction_leaf=0.0, presort='deprecated',
                       random_state=694, splitter='best')
2021-09-19 01:08:28,594:INFO:create_model() succesfully completed......................................
2021-09-19 01:09:08,045:INFO:Initializing plot_model()
2021-09-19 01:09:08,046:INFO:plot_model(plot=auc, fold=None, use_train_data=False, verbose=True, is_in_evaluate=False, display=None, display_format=None, estimator=DecisionTreeClassifier(ccp_alpha=0.0, class_weight=None, criterion='gini',
                       max_depth=None, max_features=None, max_leaf_nodes=None,
                       min_impurity_decrease=0.0, min_impurity_split=None,
                       min_samples_leaf=1, min_samples_split=2,
                       min_weight_fraction_leaf=0.0, presort='deprecated',
                       random_state=694, splitter='best'), feature_name=None, fit_kwargs=None, groups=None, label=False, save=False, scale=1, system=True)
2021-09-19 01:09:08,046:INFO:Checking exceptions
2021-09-19 01:09:08,068:INFO:Preparing display monitor
2021-09-19 01:09:08,080:INFO:Preloading libraries
2021-09-19 01:09:08,088:INFO:Copying training dataset
2021-09-19 01:09:08,095:INFO:Copying test dataset
2021-09-19 01:09:08,100:INFO:Plot type: auc
2021-09-19 01:09:08,155:INFO:Fitting Model
2021-09-19 01:09:08,196:INFO:Scoring test/hold-out set
2021-09-19 01:09:09,285:INFO:Visual Rendered Successfully
2021-09-19 01:09:09,381:INFO:plot_model() succesfully completed......................................
2021-09-19 01:09:13,202:INFO:Initializing plot_model()
2021-09-19 01:09:13,203:INFO:plot_model(plot=confusion_matrix, fold=None, use_train_data=False, verbose=True, is_in_evaluate=False, display=None, display_format=None, estimator=DecisionTreeClassifier(ccp_alpha=0.0, class_weight=None, criterion='gini',
                       max_depth=None, max_features=None, max_leaf_nodes=None,
                       min_impurity_decrease=0.0, min_impurity_split=None,
                       min_samples_leaf=1, min_samples_split=2,
                       min_weight_fraction_leaf=0.0, presort='deprecated',
                       random_state=694, splitter='best'), feature_name=None, fit_kwargs=None, groups=None, label=False, save=False, scale=1, system=True)
2021-09-19 01:09:13,203:INFO:Checking exceptions
2021-09-19 01:09:13,225:INFO:Preparing display monitor
2021-09-19 01:09:13,241:INFO:Preloading libraries
2021-09-19 01:09:13,248:INFO:Copying training dataset
2021-09-19 01:09:13,256:INFO:Copying test dataset
2021-09-19 01:09:13,261:INFO:Plot type: confusion_matrix
2021-09-19 01:09:13,273:INFO:Fitting Model
2021-09-19 01:09:13,305:INFO:Scoring test/hold-out set
2021-09-19 01:09:14,424:INFO:Visual Rendered Successfully
2021-09-19 01:09:14,524:INFO:plot_model() succesfully completed......................................
2021-09-19 01:09:15,778:INFO:Initializing plot_model()
2021-09-19 01:09:15,779:INFO:plot_model(plot=feature, fold=None, use_train_data=False, verbose=True, is_in_evaluate=False, display=None, display_format=None, estimator=DecisionTreeClassifier(ccp_alpha=0.0, class_weight=None, criterion='gini',
                       max_depth=None, max_features=None, max_leaf_nodes=None,
                       min_impurity_decrease=0.0, min_impurity_split=None,
                       min_samples_leaf=1, min_samples_split=2,
                       min_weight_fraction_leaf=0.0, presort='deprecated',
                       random_state=694, splitter='best'), feature_name=None, fit_kwargs=None, groups=None, label=False, save=False, scale=1, system=True)
2021-09-19 01:09:15,780:INFO:Checking exceptions
2021-09-19 01:09:15,793:INFO:Preparing display monitor
2021-09-19 01:09:15,800:INFO:Preloading libraries
2021-09-19 01:09:15,809:INFO:Copying training dataset
2021-09-19 01:09:15,816:INFO:Copying test dataset
2021-09-19 01:09:15,821:INFO:Plot type: feature
2021-09-19 01:09:15,828:WARNING:No coef_ found. Trying feature_importances_
2021-09-19 01:09:15,985:INFO:Visual Rendered Successfully
2021-09-19 01:09:16,072:INFO:plot_model() succesfully completed......................................
2021-09-19 01:11:04,255:INFO:Initializing finalize_model()
2021-09-19 01:11:04,256:INFO:finalize_model(estimator=DecisionTreeClassifier(ccp_alpha=0.0, class_weight=None, criterion='gini',
                       max_depth=None, max_features=None, max_leaf_nodes=None,
                       min_impurity_decrease=0.0, min_impurity_split=None,
                       min_samples_leaf=1, min_samples_split=2,
                       min_weight_fraction_leaf=0.0, presort='deprecated',
                       random_state=694, splitter='best'), fit_kwargs=None, groups=None, model_only=True, display=None)
2021-09-19 01:11:04,257:INFO:Finalizing DecisionTreeClassifier(ccp_alpha=0.0, class_weight=None, criterion='gini',
                       max_depth=None, max_features=None, max_leaf_nodes=None,
                       min_impurity_decrease=0.0, min_impurity_split=None,
                       min_samples_leaf=1, min_samples_split=2,
                       min_weight_fraction_leaf=0.0, presort='deprecated',
                       random_state=694, splitter='best')
2021-09-19 01:11:04,258:INFO:Initializing create_model()
2021-09-19 01:11:04,258:INFO:create_model(estimator=DecisionTreeClassifier(ccp_alpha=0.0, class_weight=None, criterion='gini',
                       max_depth=None, max_features=None, max_leaf_nodes=None,
                       min_impurity_decrease=0.0, min_impurity_split=None,
                       min_samples_leaf=1, min_samples_split=2,
                       min_weight_fraction_leaf=0.0, presort='deprecated',
                       random_state=694, splitter='best'), fold=None, round=4, cross_validation=True, predict=True, fit_kwargs={}, groups=None, refit=True, verbose=False, system=False, metrics=None, display=None, kwargs={})
2021-09-19 01:11:04,259:INFO:Checking exceptions
2021-09-19 01:11:04,259:INFO:Importing libraries
2021-09-19 01:11:04,259:INFO:Copying training dataset
2021-09-19 01:11:04,268:INFO:Defining folds
2021-09-19 01:11:04,269:INFO:Declaring metric variables
2021-09-19 01:11:04,269:INFO:Importing untrained model
2021-09-19 01:11:04,269:INFO:Declaring custom model
2021-09-19 01:11:04,271:INFO:Decision Tree Classifier Imported succesfully
2021-09-19 01:11:04,271:INFO:Starting cross validation
2021-09-19 01:11:04,272:INFO:Cross validating with StratifiedKFold(n_splits=10, random_state=None, shuffle=False), n_jobs=-1
2021-09-19 01:12:08,661:INFO:Calculating mean and std
2021-09-19 01:12:08,662:INFO:Creating metrics dataframe
2021-09-19 01:12:08,665:INFO:Finalizing model
2021-09-19 01:12:50,649:INFO:Uploading results into container
2021-09-19 01:12:50,649:INFO:Uploading model into container now
2021-09-19 01:12:50,649:INFO:create_model_container: 2
2021-09-19 01:12:50,649:INFO:master_model_container: 2
2021-09-19 01:12:50,649:INFO:display_container: 3
2021-09-19 01:12:50,650:INFO:DecisionTreeClassifier(ccp_alpha=0.0, class_weight=None, criterion='gini',
                       max_depth=None, max_features=None, max_leaf_nodes=None,
                       min_impurity_decrease=0.0, min_impurity_split=None,
                       min_samples_leaf=1, min_samples_split=2,
                       min_weight_fraction_leaf=0.0, presort='deprecated',
                       random_state=694, splitter='best')
2021-09-19 01:12:50,650:INFO:create_model() succesfully completed......................................
2021-09-19 01:12:50,731:INFO:create_model_container: 2
2021-09-19 01:12:50,731:INFO:master_model_container: 2
2021-09-19 01:12:50,731:INFO:display_container: 2
2021-09-19 01:12:50,731:INFO:DecisionTreeClassifier(ccp_alpha=0.0, class_weight=None, criterion='gini',
                       max_depth=None, max_features=None, max_leaf_nodes=None,
                       min_impurity_decrease=0.0, min_impurity_split=None,
                       min_samples_leaf=1, min_samples_split=2,
                       min_weight_fraction_leaf=0.0, presort='deprecated',
                       random_state=694, splitter='best')
2021-09-19 01:12:50,732:INFO:finalize_model() succesfully completed......................................
